<?xml version="1.0" encoding="UTF-8"?>
<!-- Generated by org.testng.reporters.JUnitReportReporter -->
<testsuite skipped="0" hostname="user-PC" name="week5.classroom.testng.DuplicateLead" tests="1" failures="0" timestamp="2020-01-04T09:15:24 IST" time="29.589" errors="0">
  <testcase name="duplicteLead" time="29.589" classname="week5.classroom.testng.DuplicateLead"/>
</testsuite> <!-- week5.classroom.testng.DuplicateLead -->
