<?xml version="1.0" encoding="UTF-8"?>
<!-- Generated by org.testng.reporters.JUnitReportReporter -->
<testsuite skipped="0" hostname="user-PC" name="week5.classroom.testng.CreateLead" tests="1" failures="0" timestamp="2019-12-22T00:34:28 IST" time="53.173" errors="0">
  <testcase name="createLead" time="53.173" classname="week5.classroom.testng.CreateLead"/>
</testsuite> <!-- week5.classroom.testng.CreateLead -->
