<?xml version="1.0" encoding="UTF-8"?>
<!-- Generated by org.testng.reporters.JUnitReportReporter -->
<testsuite skipped="0" hostname="DESKTOP-NPN5RO1" name="week5.annotation.CreateLead" tests="1" failures="0" timestamp="2021-04-24T20:54:37 IST" time="30.651" errors="0">
  <testcase name="createLead" time="30.651" classname="week5.annotation.CreateLead"/>
</testsuite> <!-- week5.annotation.CreateLead -->
