<?xml version="1.0" encoding="UTF-8"?>
<!-- Generated by org.testng.reporters.JUnitReportReporter -->
<testsuite skipped="0" hostname="DESKTOP-NPN5RO1" name="runner.Runstep" tests="2" failures="0" timestamp="2021-04-05T22:50:42 IST" time="75.096" errors="0">
  <testcase name="runScenario" time="41.690" classname="runner.Runstep"/>
  <testcase name="runScenario" time="33.406" classname="runner.Runstep"/>
</testsuite> <!-- runner.Runstep -->
