<?xml version="1.0" encoding="UTF-8"?>
<!-- Generated by org.testng.reporters.JUnitReportReporter -->
<testsuite skipped="0" hostname="DESKTOP-NPN5RO1" name="week5.day2.dataprovider.CreateLead" tests="3" failures="0" timestamp="2021-04-24T21:07:09 IST" time="63.893" errors="0">
  <testcase name="createLead" time="21.707" classname="week5.day2.dataprovider.CreateLead"/>
  <testcase name="createLead" time="21.263" classname="week5.day2.dataprovider.CreateLead"/>
  <testcase name="createLead" time="20.923" classname="week5.day2.dataprovider.CreateLead"/>
</testsuite> <!-- week5.day2.dataprovider.CreateLead -->
