<?xml version="1.0" encoding="UTF-8"?>
<!-- Generated by org.testng.reporters.JUnitReportReporter -->
<testsuite skipped="1" hostname="DESKTOP-NPN5RO1" name="week5.classroom.testng.SoftwareCompany" tests="3" failures="0" timestamp="2021-04-24T20:56:45 IST" time="0.071" errors="0">
  <testcase name="infosys" time="0.056" classname="week5.classroom.testng.SoftwareCompany"/>
  <testcase name="hexaware" time="0.015" classname="week5.classroom.testng.SoftwareCompany"/>
  <testcase name="ibm" classname="week5.classroom.testng.SoftwareCompany">
    <skipped/>
  </testcase> <!-- ibm -->
</testsuite> <!-- week5.classroom.testng.SoftwareCompany -->
