<?xml version="1.0" encoding="UTF-8"?>
<!-- Generated by org.testng.reporters.JUnitReportReporter -->
<testsuite skipped="0" hostname="DESKTOP-NPN5RO1" name="week5.annotation.EditLead" tests="1" failures="0" timestamp="2021-04-24T20:54:37 IST" time="34.157" errors="0">
  <testcase name="editLead" time="34.157" classname="week5.annotation.EditLead"/>
</testsuite> <!-- week5.annotation.EditLead -->
