<?xml version="1.0" encoding="UTF-8"?>
<!-- Generated by org.testng.reporters.JUnitReportReporter -->
<testsuite skipped="0" hostname="DESKTOP-NPN5RO1" name="week5.classroom.testng.Arithmetic" tests="3" failures="0" timestamp="2021-04-24T20:18:17 IST" time="0.110" errors="0">
  <testcase name="add" time="0.078" classname="week5.classroom.testng.Arithmetic"/>
  <testcase name="sub" time="0.008" classname="week5.classroom.testng.Arithmetic"/>
  <testcase name="mul" time="0.024" classname="week5.classroom.testng.Arithmetic"/>
</testsuite> <!-- week5.classroom.testng.Arithmetic -->
