<?xml version="1.0" encoding="UTF-8"?>
<!-- Generated by org.testng.reporters.JUnitReportReporter -->
<testsuite skipped="0" hostname="user-PC" name="week5.classroom.testng.Group" tests="6" failures="0" timestamp="2019-12-21T23:38:04 IST" time="0.054" errors="0">
  <testcase name="tcs" time="0.003" classname="week5.classroom.testng.Group"/>
  <testcase name="hcl" time="0.038" classname="week5.classroom.testng.Group"/>
  <testcase name="hexaware" time="0.004" classname="week5.classroom.testng.Group"/>
  <testcase name="ibm" time="0.003" classname="week5.classroom.testng.Group"/>
  <testcase name="infoview" time="0.003" classname="week5.classroom.testng.Group"/>
  <testcase name="infosys" time="0.003" classname="week5.classroom.testng.Group"/>
</testsuite> <!-- week5.classroom.testng.Group -->
